find_library: checking for -lR... -------------------- yes

"gcc -o conftest -I/usr/include/x86_64-linux-gnu/ruby-2.5.0 -I/usr/include/ruby-2.5.0/ruby/backward -I/usr/include/ruby-2.5.0 -I/home/asher/BAR_Buster/packages/rsruby/ext -Wdate-time -D_FORTIFY_SOURCE=2   -g -O2 -fdebug-prefix-map=/build/ruby2.5-ftYzvL/ruby2.5-2.5.5=. -fstack-protector-strong -Wformat -Werror=format-security -fPIC conftest.c  -L. -L/usr/lib/x86_64-linux-gnu -L. -Wl,-z,relro -Wl,-z,now -fstack-protector -rdynamic -Wl,-export-dynamic     -lruby-2.5  -lpthread -lgmp -ldl -lcrypt -lm   -lc"
checked program was:
/* begin */
1: #include "ruby.h"
2: 
3: int main(int argc, char **argv)
4: {
5:   return 0;
6: }
/* end */

"gcc -o conftest -I/usr/include/x86_64-linux-gnu/ruby-2.5.0 -I/usr/include/ruby-2.5.0/ruby/backward -I/usr/include/ruby-2.5.0 -I/home/asher/BAR_Buster/packages/rsruby/ext -Wdate-time -D_FORTIFY_SOURCE=2   -g -O2 -fdebug-prefix-map=/build/ruby2.5-ftYzvL/ruby2.5-2.5.5=. -fstack-protector-strong -Wformat -Werror=format-security -fPIC conftest.c  -L. -L/usr/lib/x86_64-linux-gnu -L. -Wl,-z,relro -Wl,-z,now -fstack-protector -rdynamic -Wl,-export-dynamic     -lruby-2.5 -lR  -lpthread -lgmp -ldl -lcrypt -lm   -lc"
checked program was:
/* begin */
 1: #include "ruby.h"
 2: 
 3: /*top*/
 4: extern int t(void);
 5: int main(int argc, char **argv)
 6: {
 7:   if (argc > 1000000) {
 8:     printf("%p", &t);
 9:   }
10: 
11:   return 0;
12: }
13: 
14: int t(void) { ; return 0; }
/* end */

--------------------

have_library: checking for -lR... -------------------- yes

"gcc -o conftest -I/usr/include/x86_64-linux-gnu/ruby-2.5.0 -I/usr/include/ruby-2.5.0/ruby/backward -I/usr/include/ruby-2.5.0 -I/home/asher/BAR_Buster/packages/rsruby/ext -Wdate-time -D_FORTIFY_SOURCE=2   -g -O2 -fdebug-prefix-map=/build/ruby2.5-ftYzvL/ruby2.5-2.5.5=. -fstack-protector-strong -Wformat -Werror=format-security -fPIC conftest.c  -L. -L/usr/lib/x86_64-linux-gnu -L. -Wl,-z,relro -Wl,-z,now -fstack-protector -rdynamic -Wl,-export-dynamic    -lR  -lruby-2.5 -lR -lR  -lpthread -lgmp -ldl -lcrypt -lm   -lc"
checked program was:
/* begin */
 1: #include "ruby.h"
 2: 
 3: /*top*/
 4: extern int t(void);
 5: int main(int argc, char **argv)
 6: {
 7:   if (argc > 1000000) {
 8:     printf("%p", &t);
 9:   }
10: 
11:   return 0;
12: }
13: 
14: int t(void) { ; return 0; }
/* end */

--------------------

find_header: checking for R.h in ,/usr/local/sbin/include,/usr/local/bin/include,/usr/sbin/include,/usr/bin/include,/sbin/include,/bin/include,/usr/local/lib64/R/include,/usr/local/lib/R/include,/usr/lib64/R/include,/usr/lib/R/include,/Library/Frameworks/R.framework/Resources/include,/usr/include/R,/usr/share/R/include... -------------------- yes

"gcc -E -I/usr/include/x86_64-linux-gnu/ruby-2.5.0 -I/usr/include/ruby-2.5.0/ruby/backward -I/usr/include/ruby-2.5.0 -I/home/asher/BAR_Buster/packages/rsruby/ext -Wdate-time -D_FORTIFY_SOURCE=2   -g -O2 -fdebug-prefix-map=/build/ruby2.5-ftYzvL/ruby2.5-2.5.5=. -fstack-protector-strong -Wformat -Werror=format-security -fPIC  conftest.c -o conftest.i"
conftest.c:3:10: fatal error: R.h: No such file or directory
 #include <R.h>
          ^~~~~
compilation terminated.
checked program was:
/* begin */
1: #include "ruby.h"
2: 
3: #include <R.h>
/* end */

"gcc -E -I/usr/include/x86_64-linux-gnu/ruby-2.5.0 -I/usr/include/ruby-2.5.0/ruby/backward -I/usr/include/ruby-2.5.0 -I/home/asher/BAR_Buster/packages/rsruby/ext -Wdate-time -D_FORTIFY_SOURCE=2   -g -O2 -fdebug-prefix-map=/build/ruby2.5-ftYzvL/ruby2.5-2.5.5=. -fstack-protector-strong -Wformat -Werror=format-security -fPIC -I conftest.c -o conftest.i"
gcc: fatal error: no input files
compilation terminated.
checked program was:
/* begin */
1: #include "ruby.h"
2: 
3: #include <R.h>
/* end */

"gcc -E -I/usr/include/x86_64-linux-gnu/ruby-2.5.0 -I/usr/include/ruby-2.5.0/ruby/backward -I/usr/include/ruby-2.5.0 -I/home/asher/BAR_Buster/packages/rsruby/ext -Wdate-time -D_FORTIFY_SOURCE=2   -g -O2 -fdebug-prefix-map=/build/ruby2.5-ftYzvL/ruby2.5-2.5.5=. -fstack-protector-strong -Wformat -Werror=format-security -fPIC -I/usr/local/sbin/include conftest.c -o conftest.i"
conftest.c:3:10: fatal error: R.h: No such file or directory
 #include <R.h>
          ^~~~~
compilation terminated.
checked program was:
/* begin */
1: #include "ruby.h"
2: 
3: #include <R.h>
/* end */

"gcc -E -I/usr/include/x86_64-linux-gnu/ruby-2.5.0 -I/usr/include/ruby-2.5.0/ruby/backward -I/usr/include/ruby-2.5.0 -I/home/asher/BAR_Buster/packages/rsruby/ext -Wdate-time -D_FORTIFY_SOURCE=2   -g -O2 -fdebug-prefix-map=/build/ruby2.5-ftYzvL/ruby2.5-2.5.5=. -fstack-protector-strong -Wformat -Werror=format-security -fPIC -I/usr/local/bin/include conftest.c -o conftest.i"
conftest.c:3:10: fatal error: R.h: No such file or directory
 #include <R.h>
          ^~~~~
compilation terminated.
checked program was:
/* begin */
1: #include "ruby.h"
2: 
3: #include <R.h>
/* end */

"gcc -E -I/usr/include/x86_64-linux-gnu/ruby-2.5.0 -I/usr/include/ruby-2.5.0/ruby/backward -I/usr/include/ruby-2.5.0 -I/home/asher/BAR_Buster/packages/rsruby/ext -Wdate-time -D_FORTIFY_SOURCE=2   -g -O2 -fdebug-prefix-map=/build/ruby2.5-ftYzvL/ruby2.5-2.5.5=. -fstack-protector-strong -Wformat -Werror=format-security -fPIC -I/usr/sbin/include conftest.c -o conftest.i"
conftest.c:3:10: fatal error: R.h: No such file or directory
 #include <R.h>
          ^~~~~
compilation terminated.
checked program was:
/* begin */
1: #include "ruby.h"
2: 
3: #include <R.h>
/* end */

"gcc -E -I/usr/include/x86_64-linux-gnu/ruby-2.5.0 -I/usr/include/ruby-2.5.0/ruby/backward -I/usr/include/ruby-2.5.0 -I/home/asher/BAR_Buster/packages/rsruby/ext -Wdate-time -D_FORTIFY_SOURCE=2   -g -O2 -fdebug-prefix-map=/build/ruby2.5-ftYzvL/ruby2.5-2.5.5=. -fstack-protector-strong -Wformat -Werror=format-security -fPIC -I/usr/bin/include conftest.c -o conftest.i"
conftest.c:3:10: fatal error: R.h: No such file or directory
 #include <R.h>
          ^~~~~
compilation terminated.
checked program was:
/* begin */
1: #include "ruby.h"
2: 
3: #include <R.h>
/* end */

"gcc -E -I/usr/include/x86_64-linux-gnu/ruby-2.5.0 -I/usr/include/ruby-2.5.0/ruby/backward -I/usr/include/ruby-2.5.0 -I/home/asher/BAR_Buster/packages/rsruby/ext -Wdate-time -D_FORTIFY_SOURCE=2   -g -O2 -fdebug-prefix-map=/build/ruby2.5-ftYzvL/ruby2.5-2.5.5=. -fstack-protector-strong -Wformat -Werror=format-security -fPIC -I/sbin/include conftest.c -o conftest.i"
conftest.c:3:10: fatal error: R.h: No such file or directory
 #include <R.h>
          ^~~~~
compilation terminated.
checked program was:
/* begin */
1: #include "ruby.h"
2: 
3: #include <R.h>
/* end */

"gcc -E -I/usr/include/x86_64-linux-gnu/ruby-2.5.0 -I/usr/include/ruby-2.5.0/ruby/backward -I/usr/include/ruby-2.5.0 -I/home/asher/BAR_Buster/packages/rsruby/ext -Wdate-time -D_FORTIFY_SOURCE=2   -g -O2 -fdebug-prefix-map=/build/ruby2.5-ftYzvL/ruby2.5-2.5.5=. -fstack-protector-strong -Wformat -Werror=format-security -fPIC -I/bin/include conftest.c -o conftest.i"
conftest.c:3:10: fatal error: R.h: No such file or directory
 #include <R.h>
          ^~~~~
compilation terminated.
checked program was:
/* begin */
1: #include "ruby.h"
2: 
3: #include <R.h>
/* end */

"gcc -E -I/usr/include/x86_64-linux-gnu/ruby-2.5.0 -I/usr/include/ruby-2.5.0/ruby/backward -I/usr/include/ruby-2.5.0 -I/home/asher/BAR_Buster/packages/rsruby/ext -Wdate-time -D_FORTIFY_SOURCE=2   -g -O2 -fdebug-prefix-map=/build/ruby2.5-ftYzvL/ruby2.5-2.5.5=. -fstack-protector-strong -Wformat -Werror=format-security -fPIC -I/usr/local/lib64/R/include conftest.c -o conftest.i"
conftest.c:3:10: fatal error: R.h: No such file or directory
 #include <R.h>
          ^~~~~
compilation terminated.
checked program was:
/* begin */
1: #include "ruby.h"
2: 
3: #include <R.h>
/* end */

"gcc -E -I/usr/include/x86_64-linux-gnu/ruby-2.5.0 -I/usr/include/ruby-2.5.0/ruby/backward -I/usr/include/ruby-2.5.0 -I/home/asher/BAR_Buster/packages/rsruby/ext -Wdate-time -D_FORTIFY_SOURCE=2   -g -O2 -fdebug-prefix-map=/build/ruby2.5-ftYzvL/ruby2.5-2.5.5=. -fstack-protector-strong -Wformat -Werror=format-security -fPIC -I/usr/local/lib/R/include conftest.c -o conftest.i"
conftest.c:3:10: fatal error: R.h: No such file or directory
 #include <R.h>
          ^~~~~
compilation terminated.
checked program was:
/* begin */
1: #include "ruby.h"
2: 
3: #include <R.h>
/* end */

"gcc -E -I/usr/include/x86_64-linux-gnu/ruby-2.5.0 -I/usr/include/ruby-2.5.0/ruby/backward -I/usr/include/ruby-2.5.0 -I/home/asher/BAR_Buster/packages/rsruby/ext -Wdate-time -D_FORTIFY_SOURCE=2   -g -O2 -fdebug-prefix-map=/build/ruby2.5-ftYzvL/ruby2.5-2.5.5=. -fstack-protector-strong -Wformat -Werror=format-security -fPIC -I/usr/lib64/R/include conftest.c -o conftest.i"
conftest.c:3:10: fatal error: R.h: No such file or directory
 #include <R.h>
          ^~~~~
compilation terminated.
checked program was:
/* begin */
1: #include "ruby.h"
2: 
3: #include <R.h>
/* end */

"gcc -E -I/usr/include/x86_64-linux-gnu/ruby-2.5.0 -I/usr/include/ruby-2.5.0/ruby/backward -I/usr/include/ruby-2.5.0 -I/home/asher/BAR_Buster/packages/rsruby/ext -Wdate-time -D_FORTIFY_SOURCE=2   -g -O2 -fdebug-prefix-map=/build/ruby2.5-ftYzvL/ruby2.5-2.5.5=. -fstack-protector-strong -Wformat -Werror=format-security -fPIC -I/usr/lib/R/include conftest.c -o conftest.i"
conftest.c:3:10: fatal error: R.h: No such file or directory
 #include <R.h>
          ^~~~~
compilation terminated.
checked program was:
/* begin */
1: #include "ruby.h"
2: 
3: #include <R.h>
/* end */

"gcc -E -I/usr/include/x86_64-linux-gnu/ruby-2.5.0 -I/usr/include/ruby-2.5.0/ruby/backward -I/usr/include/ruby-2.5.0 -I/home/asher/BAR_Buster/packages/rsruby/ext -Wdate-time -D_FORTIFY_SOURCE=2   -g -O2 -fdebug-prefix-map=/build/ruby2.5-ftYzvL/ruby2.5-2.5.5=. -fstack-protector-strong -Wformat -Werror=format-security -fPIC -I/Library/Frameworks/R.framework/Resources/include conftest.c -o conftest.i"
conftest.c:3:10: fatal error: R.h: No such file or directory
 #include <R.h>
          ^~~~~
compilation terminated.
checked program was:
/* begin */
1: #include "ruby.h"
2: 
3: #include <R.h>
/* end */

"gcc -E -I/usr/include/x86_64-linux-gnu/ruby-2.5.0 -I/usr/include/ruby-2.5.0/ruby/backward -I/usr/include/ruby-2.5.0 -I/home/asher/BAR_Buster/packages/rsruby/ext -Wdate-time -D_FORTIFY_SOURCE=2   -g -O2 -fdebug-prefix-map=/build/ruby2.5-ftYzvL/ruby2.5-2.5.5=. -fstack-protector-strong -Wformat -Werror=format-security -fPIC -I/usr/include/R conftest.c -o conftest.i"
conftest.c:3:10: fatal error: R.h: No such file or directory
 #include <R.h>
          ^~~~~
compilation terminated.
checked program was:
/* begin */
1: #include "ruby.h"
2: 
3: #include <R.h>
/* end */

"gcc -E -I/usr/include/x86_64-linux-gnu/ruby-2.5.0 -I/usr/include/ruby-2.5.0/ruby/backward -I/usr/include/ruby-2.5.0 -I/home/asher/BAR_Buster/packages/rsruby/ext -Wdate-time -D_FORTIFY_SOURCE=2   -g -O2 -fdebug-prefix-map=/build/ruby2.5-ftYzvL/ruby2.5-2.5.5=. -fstack-protector-strong -Wformat -Werror=format-security -fPIC -I/usr/share/R/include conftest.c -o conftest.i"
checked program was:
/* begin */
1: #include "ruby.h"
2: 
3: #include <R.h>
/* end */

--------------------

have_header: checking for R.h... -------------------- yes

"gcc -E -I/usr/include/x86_64-linux-gnu/ruby-2.5.0 -I/usr/include/ruby-2.5.0/ruby/backward -I/usr/include/ruby-2.5.0 -I/home/asher/BAR_Buster/packages/rsruby/ext -I/usr/share/R/include -Wdate-time -D_FORTIFY_SOURCE=2   -g -O2 -fdebug-prefix-map=/build/ruby2.5-ftYzvL/ruby2.5-2.5.5=. -fstack-protector-strong -Wformat -Werror=format-security -fPIC  conftest.c -o conftest.i"
checked program was:
/* begin */
1: #include "ruby.h"
2: 
3: #include <R.h>
/* end */

--------------------

